d:\cmp\circuitsproj\consoleapplication1\consoleapplication1\debug\main.obj
d:\cmp\circuitsproj\consoleapplication1\consoleapplication1\debug\vc110.pdb
d:\cmp\circuitsproj\consoleapplication1\consoleapplication1\debug\current.obj
d:\cmp\circuitsproj\consoleapplication1\consoleapplication1\debug\voltage.obj
d:\cmp\circuitsproj\consoleapplication1\debug\consoleapplication1.ilk
d:\cmp\circuitsproj\consoleapplication1\debug\consoleapplication1.exe
d:\cmp\circuitsproj\consoleapplication1\debug\consoleapplication1.pdb
d:\cmp\circuitsproj\consoleapplication1\consoleapplication1\debug\cl.command.1.tlog
d:\cmp\circuitsproj\consoleapplication1\consoleapplication1\debug\cl.read.1.tlog
d:\cmp\circuitsproj\consoleapplication1\consoleapplication1\debug\cl.write.1.tlog
d:\cmp\circuitsproj\consoleapplication1\consoleapplication1\debug\link-cvtres.read.1.tlog
d:\cmp\circuitsproj\consoleapplication1\consoleapplication1\debug\link-cvtres.write.1.tlog
d:\cmp\circuitsproj\consoleapplication1\consoleapplication1\debug\link-rc.read.1.tlog
d:\cmp\circuitsproj\consoleapplication1\consoleapplication1\debug\link-rc.write.1.tlog
d:\cmp\circuitsproj\consoleapplication1\consoleapplication1\debug\link.13708-cvtres.read.1.tlog
d:\cmp\circuitsproj\consoleapplication1\consoleapplication1\debug\link.13708-cvtres.write.1.tlog
d:\cmp\circuitsproj\consoleapplication1\consoleapplication1\debug\link.13708-rc.read.1.tlog
d:\cmp\circuitsproj\consoleapplication1\consoleapplication1\debug\link.13708-rc.write.1.tlog
d:\cmp\circuitsproj\consoleapplication1\consoleapplication1\debug\link.13708.read.1.tlog
d:\cmp\circuitsproj\consoleapplication1\consoleapplication1\debug\link.13708.write.1.tlog
d:\cmp\circuitsproj\consoleapplication1\consoleapplication1\debug\link.2312-cvtres.read.1.tlog
d:\cmp\circuitsproj\consoleapplication1\consoleapplication1\debug\link.2312-cvtres.write.1.tlog
d:\cmp\circuitsproj\consoleapplication1\consoleapplication1\debug\link.2312-rc.read.1.tlog
d:\cmp\circuitsproj\consoleapplication1\consoleapplication1\debug\link.2312-rc.write.1.tlog
d:\cmp\circuitsproj\consoleapplication1\consoleapplication1\debug\link.2312.read.1.tlog
d:\cmp\circuitsproj\consoleapplication1\consoleapplication1\debug\link.2312.write.1.tlog
d:\cmp\circuitsproj\consoleapplication1\consoleapplication1\debug\link.command.1.tlog
d:\cmp\circuitsproj\consoleapplication1\consoleapplication1\debug\link.read.1.tlog
d:\cmp\circuitsproj\consoleapplication1\consoleapplication1\debug\link.write.1.tlog
d:\cmp\circuitsproj\consoleapplication1\consoleapplication1\debug\vc110.idb
